<?xml version="1.0" encoding="UTF-8"?>
<testsuite xmlns:xsi="http://www.w3.org/2001/XMLSchema-instance" xsi:noNamespaceSchemaLocation="https://maven.apache.org/surefire/maven-surefire-plugin/xsd/surefire-test-report.xsd" name="com.example.todo.demo.DemoApplicationTests" time="2.169" tests="1" errors="0" skipped="0" failures="0">
  <properties>
    <property name="sun.desktop" value="windows"/>
    <property name="awt.toolkit" value="sun.awt.windows.WToolkit"/>
    <property name="file.encoding.pkg" value="sun.io"/>
    <property name="java.specification.version" value="1.8"/>
    <property name="sun.cpu.isalist" value="amd64"/>
    <property name="sun.jnu.encoding" value="MS874"/>
    <property name="java.class.path" value="F:\demo\demo\target\test-classes;F:\demo\demo\target\classes;E:\spring\repository\org\springframework\boot\spring-boot-starter\2.0.1.RELEASE\spring-boot-starter-2.0.1.RELEASE.jar;E:\spring\repository\org\springframework\boot\spring-boot\2.0.1.RELEASE\spring-boot-2.0.1.RELEASE.jar;E:\spring\repository\org\springframework\spring-context\5.0.5.RELEASE\spring-context-5.0.5.RELEASE.jar;E:\spring\repository\org\springframework\boot\spring-boot-autoconfigure\2.0.1.RELEASE\spring-boot-autoconfigure-2.0.1.RELEASE.jar;E:\spring\repository\org\springframework\boot\spring-boot-starter-logging\2.0.1.RELEASE\spring-boot-starter-logging-2.0.1.RELEASE.jar;E:\spring\repository\ch\qos\logback\logback-classic\1.2.3\logback-classic-1.2.3.jar;E:\spring\repository\ch\qos\logback\logback-core\1.2.3\logback-core-1.2.3.jar;E:\spring\repository\org\apache\logging\log4j\log4j-to-slf4j\2.10.0\log4j-to-slf4j-2.10.0.jar;E:\spring\repository\org\apache\logging\log4j\log4j-api\2.10.0\log4j-api-2.10.0.jar;E:\spring\repository\org\slf4j\jul-to-slf4j\1.7.25\jul-to-slf4j-1.7.25.jar;E:\spring\repository\javax\annotation\javax.annotation-api\1.3.2\javax.annotation-api-1.3.2.jar;E:\spring\repository\org\springframework\spring-core\5.0.5.RELEASE\spring-core-5.0.5.RELEASE.jar;E:\spring\repository\org\springframework\spring-jcl\5.0.5.RELEASE\spring-jcl-5.0.5.RELEASE.jar;E:\spring\repository\org\yaml\snakeyaml\1.19\snakeyaml-1.19.jar;E:\spring\repository\org\springframework\boot\spring-boot-starter-web\2.0.1.RELEASE\spring-boot-starter-web-2.0.1.RELEASE.jar;E:\spring\repository\org\springframework\boot\spring-boot-starter-json\2.0.1.RELEASE\spring-boot-starter-json-2.0.1.RELEASE.jar;E:\spring\repository\com\fasterxml\jackson\core\jackson-databind\2.9.5\jackson-databind-2.9.5.jar;E:\spring\repository\com\fasterxml\jackson\core\jackson-annotations\2.9.0\jackson-annotations-2.9.0.jar;E:\spring\repository\com\fasterxml\jackson\core\jackson-core\2.9.5\jackson-core-2.9.5.jar;E:\spring\repository\com\fasterxml\jackson\datatype\jackson-datatype-jdk8\2.9.5\jackson-datatype-jdk8-2.9.5.jar;E:\spring\repository\com\fasterxml\jackson\datatype\jackson-datatype-jsr310\2.9.5\jackson-datatype-jsr310-2.9.5.jar;E:\spring\repository\com\fasterxml\jackson\module\jackson-module-parameter-names\2.9.5\jackson-module-parameter-names-2.9.5.jar;E:\spring\repository\org\springframework\boot\spring-boot-starter-tomcat\2.0.1.RELEASE\spring-boot-starter-tomcat-2.0.1.RELEASE.jar;E:\spring\repository\org\apache\tomcat\embed\tomcat-embed-core\8.5.29\tomcat-embed-core-8.5.29.jar;E:\spring\repository\org\apache\tomcat\embed\tomcat-embed-el\8.5.29\tomcat-embed-el-8.5.29.jar;E:\spring\repository\org\apache\tomcat\embed\tomcat-embed-websocket\8.5.29\tomcat-embed-websocket-8.5.29.jar;E:\spring\repository\org\hibernate\validator\hibernate-validator\6.0.9.Final\hibernate-validator-6.0.9.Final.jar;E:\spring\repository\javax\validation\validation-api\2.0.1.Final\validation-api-2.0.1.Final.jar;E:\spring\repository\org\jboss\logging\jboss-logging\3.3.2.Final\jboss-logging-3.3.2.Final.jar;E:\spring\repository\com\fasterxml\classmate\1.3.4\classmate-1.3.4.jar;E:\spring\repository\org\springframework\spring-web\5.0.5.RELEASE\spring-web-5.0.5.RELEASE.jar;E:\spring\repository\org\springframework\spring-beans\5.0.5.RELEASE\spring-beans-5.0.5.RELEASE.jar;E:\spring\repository\org\springframework\spring-webmvc\5.0.5.RELEASE\spring-webmvc-5.0.5.RELEASE.jar;E:\spring\repository\org\springframework\spring-aop\5.0.5.RELEASE\spring-aop-5.0.5.RELEASE.jar;E:\spring\repository\org\springframework\spring-expression\5.0.5.RELEASE\spring-expression-5.0.5.RELEASE.jar;E:\spring\repository\org\springframework\boot\spring-boot-devtools\2.0.1.RELEASE\spring-boot-devtools-2.0.1.RELEASE.jar;E:\spring\repository\org\springframework\boot\spring-boot-starter-test\2.0.1.RELEASE\spring-boot-starter-test-2.0.1.RELEASE.jar;E:\spring\repository\org\springframework\boot\spring-boot-test\2.0.1.RELEASE\spring-boot-test-2.0.1.RELEASE.jar;E:\spring\repository\org\springframework\boot\spring-boot-test-autoconfigure\2.0.1.RELEASE\spring-boot-test-autoconfigure-2.0.1.RELEASE.jar;E:\spring\repository\com\jayway\jsonpath\json-path\2.4.0\json-path-2.4.0.jar;E:\spring\repository\net\minidev\json-smart\2.3\json-smart-2.3.jar;E:\spring\repository\net\minidev\accessors-smart\1.2\accessors-smart-1.2.jar;E:\spring\repository\org\ow2\asm\asm\5.0.4\asm-5.0.4.jar;E:\spring\repository\org\slf4j\slf4j-api\1.7.25\slf4j-api-1.7.25.jar;E:\spring\repository\junit\junit\4.12\junit-4.12.jar;E:\spring\repository\org\assertj\assertj-core\3.9.1\assertj-core-3.9.1.jar;E:\spring\repository\org\mockito\mockito-core\2.15.0\mockito-core-2.15.0.jar;E:\spring\repository\net\bytebuddy\byte-buddy\1.7.11\byte-buddy-1.7.11.jar;E:\spring\repository\net\bytebuddy\byte-buddy-agent\1.7.11\byte-buddy-agent-1.7.11.jar;E:\spring\repository\org\objenesis\objenesis\2.6\objenesis-2.6.jar;E:\spring\repository\org\hamcrest\hamcrest-core\1.3\hamcrest-core-1.3.jar;E:\spring\repository\org\hamcrest\hamcrest-library\1.3\hamcrest-library-1.3.jar;E:\spring\repository\org\skyscreamer\jsonassert\1.5.0\jsonassert-1.5.0.jar;E:\spring\repository\com\vaadin\external\google\android-json\0.0.20131108.vaadin1\android-json-0.0.20131108.vaadin1.jar;E:\spring\repository\org\springframework\spring-test\5.0.5.RELEASE\spring-test-5.0.5.RELEASE.jar;E:\spring\repository\org\xmlunit\xmlunit-core\2.5.1\xmlunit-core-2.5.1.jar;E:\spring\repository\com\googlecode\json-simple\json-simple\1.1.1\json-simple-1.1.1.jar;"/>
    <property name="java.vm.vendor" value="Oracle Corporation"/>
    <property name="sun.arch.data.model" value="64"/>
    <property name="user.variant" value=""/>
    <property name="java.vendor.url" value="http://java.oracle.com/"/>
    <property name="user.timezone" value="Asia/Bangkok"/>
    <property name="user.country.format" value="VG"/>
    <property name="java.vm.specification.version" value="1.8"/>
    <property name="os.name" value="Windows 8.1"/>
    <property name="user.country" value="US"/>
    <property name="sun.java.launcher" value="SUN_STANDARD"/>
    <property name="sun.boot.library.path" value="C:\Java\jdk1.8.0_25\jre\bin"/>
    <property name="sun.java.command" value="C:\Users\LITTLE~1.199\AppData\Local\Temp\surefire2152963273730038394\surefirebooter3971402677944453165.jar C:\Users\littlesquid.1991\AppData\Local\Temp\surefire2152963273730038394 2018-05-02T12-54-56_570-jvmRun1 surefire3464367519858833156tmp surefire_01374137821476733441tmp"/>
    <property name="surefire.test.class.path" value="F:\demo\demo\target\test-classes;F:\demo\demo\target\classes;E:\spring\repository\org\springframework\boot\spring-boot-starter\2.0.1.RELEASE\spring-boot-starter-2.0.1.RELEASE.jar;E:\spring\repository\org\springframework\boot\spring-boot\2.0.1.RELEASE\spring-boot-2.0.1.RELEASE.jar;E:\spring\repository\org\springframework\spring-context\5.0.5.RELEASE\spring-context-5.0.5.RELEASE.jar;E:\spring\repository\org\springframework\boot\spring-boot-autoconfigure\2.0.1.RELEASE\spring-boot-autoconfigure-2.0.1.RELEASE.jar;E:\spring\repository\org\springframework\boot\spring-boot-starter-logging\2.0.1.RELEASE\spring-boot-starter-logging-2.0.1.RELEASE.jar;E:\spring\repository\ch\qos\logback\logback-classic\1.2.3\logback-classic-1.2.3.jar;E:\spring\repository\ch\qos\logback\logback-core\1.2.3\logback-core-1.2.3.jar;E:\spring\repository\org\apache\logging\log4j\log4j-to-slf4j\2.10.0\log4j-to-slf4j-2.10.0.jar;E:\spring\repository\org\apache\logging\log4j\log4j-api\2.10.0\log4j-api-2.10.0.jar;E:\spring\repository\org\slf4j\jul-to-slf4j\1.7.25\jul-to-slf4j-1.7.25.jar;E:\spring\repository\javax\annotation\javax.annotation-api\1.3.2\javax.annotation-api-1.3.2.jar;E:\spring\repository\org\springframework\spring-core\5.0.5.RELEASE\spring-core-5.0.5.RELEASE.jar;E:\spring\repository\org\springframework\spring-jcl\5.0.5.RELEASE\spring-jcl-5.0.5.RELEASE.jar;E:\spring\repository\org\yaml\snakeyaml\1.19\snakeyaml-1.19.jar;E:\spring\repository\org\springframework\boot\spring-boot-starter-web\2.0.1.RELEASE\spring-boot-starter-web-2.0.1.RELEASE.jar;E:\spring\repository\org\springframework\boot\spring-boot-starter-json\2.0.1.RELEASE\spring-boot-starter-json-2.0.1.RELEASE.jar;E:\spring\repository\com\fasterxml\jackson\core\jackson-databind\2.9.5\jackson-databind-2.9.5.jar;E:\spring\repository\com\fasterxml\jackson\core\jackson-annotations\2.9.0\jackson-annotations-2.9.0.jar;E:\spring\repository\com\fasterxml\jackson\core\jackson-core\2.9.5\jackson-core-2.9.5.jar;E:\spring\repository\com\fasterxml\jackson\datatype\jackson-datatype-jdk8\2.9.5\jackson-datatype-jdk8-2.9.5.jar;E:\spring\repository\com\fasterxml\jackson\datatype\jackson-datatype-jsr310\2.9.5\jackson-datatype-jsr310-2.9.5.jar;E:\spring\repository\com\fasterxml\jackson\module\jackson-module-parameter-names\2.9.5\jackson-module-parameter-names-2.9.5.jar;E:\spring\repository\org\springframework\boot\spring-boot-starter-tomcat\2.0.1.RELEASE\spring-boot-starter-tomcat-2.0.1.RELEASE.jar;E:\spring\repository\org\apache\tomcat\embed\tomcat-embed-core\8.5.29\tomcat-embed-core-8.5.29.jar;E:\spring\repository\org\apache\tomcat\embed\tomcat-embed-el\8.5.29\tomcat-embed-el-8.5.29.jar;E:\spring\repository\org\apache\tomcat\embed\tomcat-embed-websocket\8.5.29\tomcat-embed-websocket-8.5.29.jar;E:\spring\repository\org\hibernate\validator\hibernate-validator\6.0.9.Final\hibernate-validator-6.0.9.Final.jar;E:\spring\repository\javax\validation\validation-api\2.0.1.Final\validation-api-2.0.1.Final.jar;E:\spring\repository\org\jboss\logging\jboss-logging\3.3.2.Final\jboss-logging-3.3.2.Final.jar;E:\spring\repository\com\fasterxml\classmate\1.3.4\classmate-1.3.4.jar;E:\spring\repository\org\springframework\spring-web\5.0.5.RELEASE\spring-web-5.0.5.RELEASE.jar;E:\spring\repository\org\springframework\spring-beans\5.0.5.RELEASE\spring-beans-5.0.5.RELEASE.jar;E:\spring\repository\org\springframework\spring-webmvc\5.0.5.RELEASE\spring-webmvc-5.0.5.RELEASE.jar;E:\spring\repository\org\springframework\spring-aop\5.0.5.RELEASE\spring-aop-5.0.5.RELEASE.jar;E:\spring\repository\org\springframework\spring-expression\5.0.5.RELEASE\spring-expression-5.0.5.RELEASE.jar;E:\spring\repository\org\springframework\boot\spring-boot-devtools\2.0.1.RELEASE\spring-boot-devtools-2.0.1.RELEASE.jar;E:\spring\repository\org\springframework\boot\spring-boot-starter-test\2.0.1.RELEASE\spring-boot-starter-test-2.0.1.RELEASE.jar;E:\spring\repository\org\springframework\boot\spring-boot-test\2.0.1.RELEASE\spring-boot-test-2.0.1.RELEASE.jar;E:\spring\repository\org\springframework\boot\spring-boot-test-autoconfigure\2.0.1.RELEASE\spring-boot-test-autoconfigure-2.0.1.RELEASE.jar;E:\spring\repository\com\jayway\jsonpath\json-path\2.4.0\json-path-2.4.0.jar;E:\spring\repository\net\minidev\json-smart\2.3\json-smart-2.3.jar;E:\spring\repository\net\minidev\accessors-smart\1.2\accessors-smart-1.2.jar;E:\spring\repository\org\ow2\asm\asm\5.0.4\asm-5.0.4.jar;E:\spring\repository\org\slf4j\slf4j-api\1.7.25\slf4j-api-1.7.25.jar;E:\spring\repository\junit\junit\4.12\junit-4.12.jar;E:\spring\repository\org\assertj\assertj-core\3.9.1\assertj-core-3.9.1.jar;E:\spring\repository\org\mockito\mockito-core\2.15.0\mockito-core-2.15.0.jar;E:\spring\repository\net\bytebuddy\byte-buddy\1.7.11\byte-buddy-1.7.11.jar;E:\spring\repository\net\bytebuddy\byte-buddy-agent\1.7.11\byte-buddy-agent-1.7.11.jar;E:\spring\repository\org\objenesis\objenesis\2.6\objenesis-2.6.jar;E:\spring\repository\org\hamcrest\hamcrest-core\1.3\hamcrest-core-1.3.jar;E:\spring\repository\org\hamcrest\hamcrest-library\1.3\hamcrest-library-1.3.jar;E:\spring\repository\org\skyscreamer\jsonassert\1.5.0\jsonassert-1.5.0.jar;E:\spring\repository\com\vaadin\external\google\android-json\0.0.20131108.vaadin1\android-json-0.0.20131108.vaadin1.jar;E:\spring\repository\org\springframework\spring-test\5.0.5.RELEASE\spring-test-5.0.5.RELEASE.jar;E:\spring\repository\org\xmlunit\xmlunit-core\2.5.1\xmlunit-core-2.5.1.jar;E:\spring\repository\com\googlecode\json-simple\json-simple\1.1.1\json-simple-1.1.1.jar;"/>
    <property name="sun.cpu.endian" value="little"/>
    <property name="user.home" value="C:\Users\littlesquid.1991"/>
    <property name="user.language" value="en"/>
    <property name="java.specification.vendor" value="Oracle Corporation"/>
    <property name="java.home" value="C:\Java\jdk1.8.0_25\jre"/>
    <property name="basedir" value="F:\demo\demo"/>
    <property name="file.separator" value="\"/>
    <property name="line.separator" value="&#10;"/>
    <property name="java.vm.specification.vendor" value="Oracle Corporation"/>
    <property name="java.specification.name" value="Java Platform API Specification"/>
    <property name="java.awt.graphicsenv" value="sun.awt.Win32GraphicsEnvironment"/>
    <property name="surefire.real.class.path" value="C:\Users\LITTLE~1.199\AppData\Local\Temp\surefire2152963273730038394\surefirebooter3971402677944453165.jar"/>
    <property name="sun.boot.class.path" value="C:\Java\jdk1.8.0_25\jre\lib\resources.jar;C:\Java\jdk1.8.0_25\jre\lib\rt.jar;C:\Java\jdk1.8.0_25\jre\lib\sunrsasign.jar;C:\Java\jdk1.8.0_25\jre\lib\jsse.jar;C:\Java\jdk1.8.0_25\jre\lib\jce.jar;C:\Java\jdk1.8.0_25\jre\lib\charsets.jar;C:\Java\jdk1.8.0_25\jre\lib\jfr.jar;C:\Java\jdk1.8.0_25\jre\classes"/>
    <property name="user.script" value=""/>
    <property name="sun.management.compiler" value="HotSpot 64-Bit Tiered Compilers"/>
    <property name="java.runtime.version" value="1.8.0_25-b18"/>
    <property name="user.name" value="littlesquid.1991"/>
    <property name="path.separator" value=";"/>
    <property name="os.version" value="6.3"/>
    <property name="java.endorsed.dirs" value="C:\Java\jdk1.8.0_25\jre\lib\endorsed"/>
    <property name="java.runtime.name" value="Java(TM) SE Runtime Environment"/>
    <property name="file.encoding" value="MS874"/>
    <property name="java.vm.name" value="Java HotSpot(TM) 64-Bit Server VM"/>
    <property name="localRepository" value="E:\spring\repository"/>
    <property name="java.vendor.url.bug" value="http://bugreport.sun.com/bugreport/"/>
    <property name="java.io.tmpdir" value="C:\Users\LITTLE~1.199\AppData\Local\Temp\"/>
    <property name="java.version" value="1.8.0_25"/>
    <property name="user.dir" value="F:\demo\demo"/>
    <property name="os.arch" value="amd64"/>
    <property name="java.vm.specification.name" value="Java Virtual Machine Specification"/>
    <property name="java.awt.printerjob" value="sun.awt.windows.WPrinterJob"/>
    <property name="sun.os.patch.level" value=""/>
    <property name="java.library.path" value="C:\Java\jdk1.8.0_25\jre\bin;C:\WINDOWS\Sun\Java\bin;C:\WINDOWS\system32;C:\WINDOWS;C:/Java/jdk1.8.0_25/bin/../jre/bin/server;C:/Java/jdk1.8.0_25/bin/../jre/bin;C:/Java/jdk1.8.0_25/bin/../jre/lib/amd64;C:\oraclexe\app\oracle\product\11.2.0\server\bin;C:\Program Files (x86)\NVIDIA Corporation\PhysX\Common;E:\app\littlesquid.1991\product\11.2.0\client_2\bin;E:\app\littlesquid.1991\product\11.2.0\client_1\bin;C:\Java\jdk1.8.0_25\bin;C:\WINDOWS\system32;C:\WINDOWS;C:\WINDOWS\system32\wbem;C:\WINDOWS\system32\windowspowershell\v1.0\;C:\WINDOWS\system32;C:\WINDOWS;C:\WINDOWS\System32\Wbem;C:\WINDOWS\System32\WindowsPowerShell\v1.0\;D:\software\apache-maven-3.3.9\bin;C:\Program Files\OpenVPN\bin;E:\software\xampp\php;C:\ProgramData\ComposerSetup\bin;D:\software\NodeJs\;C:\Program Files\Git\cmd;E:\software\HashiCorp\Vagrant\bin;E:\xampp7.1.10\php;C:\Java\jdk1.7.0_79\bin;D:\software\apache-maven-3.3.9\bin;C:\Users\littlesquid.1991\AppData\Local\Microsoft\WindowsApps;C:\Users\littlesquid.1991\AppData\Roaming\Composer\vendor\bin;C:\Users\littlesquid.1991\AppData\Roaming\npm;C:\Users\littlesquid.1991\AppData\Local\Microsoft\WindowsApps;C:\Program Files\Microsoft VS Code\bin;;D:\software\jee-oxygen\eclipse;;."/>
    <property name="java.vm.info" value="mixed mode"/>
    <property name="java.vendor" value="Oracle Corporation"/>
    <property name="java.vm.version" value="25.25-b02"/>
    <property name="java.ext.dirs" value="C:\Java\jdk1.8.0_25\jre\lib\ext;C:\WINDOWS\Sun\Java\lib\ext"/>
    <property name="sun.io.unicode.encoding" value="UnicodeLittle"/>
    <property name="java.class.version" value="52.0"/>
  </properties>
  <testcase name="contextLoads" classname="com.example.todo.demo.DemoApplicationTests" time="0.107"/>
</testsuite>